<?xml version="1.0" encoding="UTF-8"?>
<!-- Generated by org.testng.reporters.JUnitXMLReporter -->
<testsuite ignored="0" hostname="LAPTOP-EU47CCB9" failures="1" tests="1" name="Linux-Firefox" time="0.692" errors="0" timestamp="2024-11-30T18:43:34 IST">
  <testcase classname="testCases.TC001_AccountRegistration" name="verifyAccountRegistration" time="0.238">
    <failure type="java.lang.AssertionError" message="null">
      <![CDATA[java.lang.AssertionError: null
at testCases.TC001_AccountRegistration.verifyAccountRegistration(TC001_AccountRegistration.java:61)
at java.base/java.util.ArrayList.forEach(ArrayList.java:1597)
... Removed 27 stack frames]]>
    </failure>
  </testcase> <!-- verifyAccountRegistration -->
</testsuite> <!-- Linux-Firefox -->
